C:\USERS\ADMINISTRATOR\DESKTOP\MINI PROJECT\PASSU\SRC\WINDOWS\PASSU _T_T\PASSU\DEBUG\PASSU.PCH
C:\USERS\ADMINISTRATOR\DESKTOP\MINI PROJECT\PASSU\SRC\WINDOWS\PASSU _T_T\PASSU\DEBUG\STDAFX.OBJ
C:\USERS\ADMINISTRATOR\DESKTOP\MINI PROJECT\PASSU\SRC\WINDOWS\PASSU _T_T\PASSU\DEBUG\VC110.PDB
C:\USERS\ADMINISTRATOR\DESKTOP\MINI PROJECT\PASSU\SRC\WINDOWS\PASSU _T_T\PASSU\DEBUG\CLIENT.OBJ
C:\USERS\ADMINISTRATOR\DESKTOP\MINI PROJECT\PASSU\SRC\WINDOWS\PASSU _T_T\PASSU\DEBUG\CLIENTINFO.OBJ
C:\USERS\ADMINISTRATOR\DESKTOP\MINI PROJECT\PASSU\SRC\WINDOWS\PASSU _T_T\PASSU\DEBUG\PASSU.OBJ
C:\USERS\ADMINISTRATOR\DESKTOP\MINI PROJECT\PASSU\SRC\WINDOWS\PASSU _T_T\PASSU\DEBUG\PASSUCHILDSOCKET.OBJ
C:\USERS\ADMINISTRATOR\DESKTOP\MINI PROJECT\PASSU\SRC\WINDOWS\PASSU _T_T\PASSU\DEBUG\PASSUCLIENTSOCKET.OBJ
C:\USERS\ADMINISTRATOR\DESKTOP\MINI PROJECT\PASSU\SRC\WINDOWS\PASSU _T_T\PASSU\DEBUG\PASSUDLG.OBJ
C:\USERS\ADMINISTRATOR\DESKTOP\MINI PROJECT\PASSU\SRC\WINDOWS\PASSU _T_T\PASSU\DEBUG\PASSUSERVERSOCKET.OBJ
C:\USERS\ADMINISTRATOR\DESKTOP\MINI PROJECT\PASSU\SRC\WINDOWS\PASSU _T_T\PASSU\DEBUG\SERVER.OBJ
C:\USERS\ADMINISTRATOR\DESKTOP\MINI PROJECT\PASSU\SRC\WINDOWS\PASSU _T_T\DEBUG\PASSU.ILK
C:\USERS\ADMINISTRATOR\DESKTOP\MINI PROJECT\PASSU\SRC\WINDOWS\PASSU _T_T\DEBUG\PASSU.EXE
C:\PROGRAM FILES (X86)\FASOO DRM\LOG\0.LOG
C:\PROGRAM FILES (X86)\FASOO DRM\LOG\F_0001.LOG
C:\PROGRAM FILES (X86)\FASOO DRM\LOG\13.LOG
C:\USERS\ADMINISTRATOR\DESKTOP\MINI PROJECT\PASSU\SRC\WINDOWS\PASSU _T_T\DEBUG\PASSU.PDB
C:\USERS\ADMINISTRATOR\DESKTOP\MINI PROJECT\PASSU\SRC\WINDOWS\PASSU _T_T\PASSU\DEBUG\PASSU.RES
C:\Users\Administrator\Desktop\Mini Project\passU\src\windows\passU _T_T\passU\Debug\Client.obj
C:\Users\Administrator\Desktop\Mini Project\passU\src\windows\passU _T_T\passU\Debug\ClientInfo.obj
C:\Users\Administrator\Desktop\Mini Project\passU\src\windows\passU _T_T\passU\Debug\PassU.obj
C:\Users\Administrator\Desktop\Mini Project\passU\src\windows\passU _T_T\passU\Debug\PassUChildSocket.obj
C:\Users\Administrator\Desktop\Mini Project\passU\src\windows\passU _T_T\passU\Debug\PassUClientSocket.obj
C:\Users\Administrator\Desktop\Mini Project\passU\src\windows\passU _T_T\passU\Debug\PassUDlg.obj
C:\Users\Administrator\Desktop\Mini Project\passU\src\windows\passU _T_T\passU\Debug\PassUServerSocket.obj
C:\Users\Administrator\Desktop\Mini Project\passU\src\windows\passU _T_T\passU\Debug\Server.obj
C:\Users\Administrator\Desktop\Mini Project\passU\src\windows\passU _T_T\passU\Debug\stdafx.obj
C:\Users\Administrator\Desktop\Mini Project\passU\src\windows\passU _T_T\passU\Debug\cl.command.1.tlog
C:\Users\Administrator\Desktop\Mini Project\passU\src\windows\passU _T_T\passU\Debug\CL.read.1.tlog
C:\Users\Administrator\Desktop\Mini Project\passU\src\windows\passU _T_T\passU\Debug\CL.write.1.tlog
C:\Users\Administrator\Desktop\Mini Project\passU\src\windows\passU _T_T\passU\Debug\link-cvtres.read.1.tlog
C:\Users\Administrator\Desktop\Mini Project\passU\src\windows\passU _T_T\passU\Debug\link-cvtres.write.1.tlog
C:\Users\Administrator\Desktop\Mini Project\passU\src\windows\passU _T_T\passU\Debug\link-mt.read.1.tlog
C:\Users\Administrator\Desktop\Mini Project\passU\src\windows\passU _T_T\passU\Debug\link-mt.write.1.tlog
C:\Users\Administrator\Desktop\Mini Project\passU\src\windows\passU _T_T\passU\Debug\link-rc.read.1.tlog
C:\Users\Administrator\Desktop\Mini Project\passU\src\windows\passU _T_T\passU\Debug\link-rc.write.1.tlog
C:\Users\Administrator\Desktop\Mini Project\passU\src\windows\passU _T_T\passU\Debug\link.2556-cvtres.read.1.tlog
C:\Users\Administrator\Desktop\Mini Project\passU\src\windows\passU _T_T\passU\Debug\link.2556-cvtres.write.1.tlog
C:\Users\Administrator\Desktop\Mini Project\passU\src\windows\passU _T_T\passU\Debug\link.2556-mt.read.1.tlog
C:\Users\Administrator\Desktop\Mini Project\passU\src\windows\passU _T_T\passU\Debug\link.2556-mt.write.1.tlog
C:\Users\Administrator\Desktop\Mini Project\passU\src\windows\passU _T_T\passU\Debug\link.2556-rc.read.1.tlog
C:\Users\Administrator\Desktop\Mini Project\passU\src\windows\passU _T_T\passU\Debug\link.2556-rc.write.1.tlog
C:\Users\Administrator\Desktop\Mini Project\passU\src\windows\passU _T_T\passU\Debug\link.2556.read.1.tlog
C:\Users\Administrator\Desktop\Mini Project\passU\src\windows\passU _T_T\passU\Debug\link.2556.write.1.tlog
C:\Users\Administrator\Desktop\Mini Project\passU\src\windows\passU _T_T\passU\Debug\link.6036-cvtres.read.1.tlog
C:\Users\Administrator\Desktop\Mini Project\passU\src\windows\passU _T_T\passU\Debug\link.6036-cvtres.write.1.tlog
C:\Users\Administrator\Desktop\Mini Project\passU\src\windows\passU _T_T\passU\Debug\link.6036-mt.read.1.tlog
C:\Users\Administrator\Desktop\Mini Project\passU\src\windows\passU _T_T\passU\Debug\link.6036-mt.write.1.tlog
C:\Users\Administrator\Desktop\Mini Project\passU\src\windows\passU _T_T\passU\Debug\link.6036-rc.read.1.tlog
C:\Users\Administrator\Desktop\Mini Project\passU\src\windows\passU _T_T\passU\Debug\link.6036-rc.write.1.tlog
C:\Users\Administrator\Desktop\Mini Project\passU\src\windows\passU _T_T\passU\Debug\link.6036.read.1.tlog
C:\Users\Administrator\Desktop\Mini Project\passU\src\windows\passU _T_T\passU\Debug\link.6036.write.1.tlog
C:\Users\Administrator\Desktop\Mini Project\passU\src\windows\passU _T_T\passU\Debug\link.6056-cvtres.read.1.tlog
C:\Users\Administrator\Desktop\Mini Project\passU\src\windows\passU _T_T\passU\Debug\link.6056-cvtres.write.1.tlog
C:\Users\Administrator\Desktop\Mini Project\passU\src\windows\passU _T_T\passU\Debug\link.6056-mt.read.1.tlog
C:\Users\Administrator\Desktop\Mini Project\passU\src\windows\passU _T_T\passU\Debug\link.6056-mt.write.1.tlog
C:\Users\Administrator\Desktop\Mini Project\passU\src\windows\passU _T_T\passU\Debug\link.6056-rc.read.1.tlog
C:\Users\Administrator\Desktop\Mini Project\passU\src\windows\passU _T_T\passU\Debug\link.6056-rc.write.1.tlog
C:\Users\Administrator\Desktop\Mini Project\passU\src\windows\passU _T_T\passU\Debug\link.6056.read.1.tlog
C:\Users\Administrator\Desktop\Mini Project\passU\src\windows\passU _T_T\passU\Debug\link.6056.write.1.tlog
C:\Users\Administrator\Desktop\Mini Project\passU\src\windows\passU _T_T\passU\Debug\link.6456-cvtres.read.1.tlog
C:\Users\Administrator\Desktop\Mini Project\passU\src\windows\passU _T_T\passU\Debug\link.6456-cvtres.write.1.tlog
C:\Users\Administrator\Desktop\Mini Project\passU\src\windows\passU _T_T\passU\Debug\link.6456-mt.read.1.tlog
C:\Users\Administrator\Desktop\Mini Project\passU\src\windows\passU _T_T\passU\Debug\link.6456-mt.write.1.tlog
C:\Users\Administrator\Desktop\Mini Project\passU\src\windows\passU _T_T\passU\Debug\link.6456-rc.read.1.tlog
C:\Users\Administrator\Desktop\Mini Project\passU\src\windows\passU _T_T\passU\Debug\link.6456-rc.write.1.tlog
C:\Users\Administrator\Desktop\Mini Project\passU\src\windows\passU _T_T\passU\Debug\link.6456.read.1.tlog
C:\Users\Administrator\Desktop\Mini Project\passU\src\windows\passU _T_T\passU\Debug\link.6456.write.1.tlog
C:\Users\Administrator\Desktop\Mini Project\passU\src\windows\passU _T_T\passU\Debug\link.command.1.tlog
C:\Users\Administrator\Desktop\Mini Project\passU\src\windows\passU _T_T\passU\Debug\link.read.1.tlog
C:\Users\Administrator\Desktop\Mini Project\passU\src\windows\passU _T_T\passU\Debug\link.write.1.tlog
C:\Users\Administrator\Desktop\Mini Project\passU\src\windows\passU _T_T\passU\Debug\rc.command.1.tlog
C:\Users\Administrator\Desktop\Mini Project\passU\src\windows\passU _T_T\passU\Debug\rc.read.1.tlog
C:\Users\Administrator\Desktop\Mini Project\passU\src\windows\passU _T_T\passU\Debug\rc.write.1.tlog
C:\Users\Administrator\Desktop\Mini Project\passU\src\windows\passU _T_T\passU\Debug\PassU.res
C:\Users\Administrator\Desktop\Mini Project\passU\src\windows\passU _T_T\passU\Debug\PassU.pch
C:\Users\Administrator\Desktop\Mini Project\passU\src\windows\passU _T_T\passU\Debug\vc110.idb
C:\Users\Administrator\Desktop\Mini Project\passU\src\windows\passU _T_T\passU\Debug\vc110.pdb
C:\Users\Administrator\Desktop\Mini Project\passU\src\windows\passU _T_T\Debug\PassU.pdb
C:\Users\Administrator\Desktop\Mini Project\passU\src\windows\passU _T_T\Debug\PassU.exe
C:\Users\Administrator\Desktop\Mini Project\passU\src\windows\passU _T_T\Debug\PassU.ilk
