D:\WORKSPACE\SSM\PASSU\SRC\WINDOWS\PASSU _T_T\PASSU\RELEASE\PASSU.PCH
D:\WORKSPACE\SSM\PASSU\SRC\WINDOWS\PASSU _T_T\PASSU\RELEASE\STDAFX.OBJ
D:\WORKSPACE\SSM\PASSU\SRC\WINDOWS\PASSU _T_T\PASSU\RELEASE\VC110.PDB
D:\WORKSPACE\SSM\PASSU\SRC\WINDOWS\PASSU _T_T\PASSU\RELEASE\SERVER.OBJ
D:\WORKSPACE\SSM\PASSU\SRC\WINDOWS\PASSU _T_T\PASSU\RELEASE\PASSUSERVERSOCKET.OBJ
D:\WORKSPACE\SSM\PASSU\SRC\WINDOWS\PASSU _T_T\PASSU\RELEASE\PASSUDLG.OBJ
D:\WORKSPACE\SSM\PASSU\SRC\WINDOWS\PASSU _T_T\PASSU\RELEASE\PASSUCLIENTSOCKET.OBJ
D:\WORKSPACE\SSM\PASSU\SRC\WINDOWS\PASSU _T_T\PASSU\RELEASE\PASSUCHILDSOCKET.OBJ
D:\WORKSPACE\SSM\PASSU\SRC\WINDOWS\PASSU _T_T\PASSU\RELEASE\PASSU.OBJ
D:\WORKSPACE\SSM\PASSU\SRC\WINDOWS\PASSU _T_T\PASSU\RELEASE\CLIENTINFO.OBJ
D:\WORKSPACE\SSM\PASSU\SRC\WINDOWS\PASSU _T_T\PASSU\RELEASE\CLIENT.OBJ
D:\WORKSPACE\SSM\PASSU\SRC\WINDOWS\PASSU _T_T\RELEASE\PASSU.EXE
D:\WORKSPACE\SSM\PASSU\SRC\WINDOWS\PASSU _T_T\RELEASE\PASSU.PDB
D:\WORKSPACE\SSM\PASSU\SRC\WINDOWS\PASSU _T_T\PASSU\RELEASE\PASSU.RES
D:\Workspace\SSM\passU\src\windows\passU _T_T\passU\Release\Client.obj
D:\Workspace\SSM\passU\src\windows\passU _T_T\passU\Release\ClientInfo.obj
D:\Workspace\SSM\passU\src\windows\passU _T_T\passU\Release\PassU.obj
D:\Workspace\SSM\passU\src\windows\passU _T_T\passU\Release\PassUChildSocket.obj
D:\Workspace\SSM\passU\src\windows\passU _T_T\passU\Release\PassUClientSocket.obj
D:\Workspace\SSM\passU\src\windows\passU _T_T\passU\Release\PassUDlg.obj
D:\Workspace\SSM\passU\src\windows\passU _T_T\passU\Release\PassUServerSocket.obj
D:\Workspace\SSM\passU\src\windows\passU _T_T\passU\Release\Server.obj
D:\Workspace\SSM\passU\src\windows\passU _T_T\passU\Release\stdafx.obj
D:\Workspace\SSM\passU\src\windows\passU _T_T\passU\Release\cl.command.1.tlog
D:\Workspace\SSM\passU\src\windows\passU _T_T\passU\Release\CL.read.1.tlog
D:\Workspace\SSM\passU\src\windows\passU _T_T\passU\Release\CL.write.1.tlog
D:\Workspace\SSM\passU\src\windows\passU _T_T\passU\Release\link-cvtres.read.1.tlog
D:\Workspace\SSM\passU\src\windows\passU _T_T\passU\Release\link-cvtres.write.1.tlog
D:\Workspace\SSM\passU\src\windows\passU _T_T\passU\Release\link-mt.read.1.tlog
D:\Workspace\SSM\passU\src\windows\passU _T_T\passU\Release\link-mt.write.1.tlog
D:\Workspace\SSM\passU\src\windows\passU _T_T\passU\Release\link-rc.read.1.tlog
D:\Workspace\SSM\passU\src\windows\passU _T_T\passU\Release\link-rc.write.1.tlog
D:\Workspace\SSM\passU\src\windows\passU _T_T\passU\Release\link.command.1.tlog
D:\Workspace\SSM\passU\src\windows\passU _T_T\passU\Release\link.read.1.tlog
D:\Workspace\SSM\passU\src\windows\passU _T_T\passU\Release\link.write.1.tlog
D:\Workspace\SSM\passU\src\windows\passU _T_T\passU\Release\rc.command.1.tlog
D:\Workspace\SSM\passU\src\windows\passU _T_T\passU\Release\rc.read.1.tlog
D:\Workspace\SSM\passU\src\windows\passU _T_T\passU\Release\rc.write.1.tlog
D:\Workspace\SSM\passU\src\windows\passU _T_T\passU\Release\PassU.res
D:\Workspace\SSM\passU\src\windows\passU _T_T\passU\Release\PassU.pch
D:\Workspace\SSM\passU\src\windows\passU _T_T\passU\Release\vc110.pdb
D:\Workspace\SSM\passU\src\windows\passU _T_T\Release\PassU.pdb
D:\Workspace\SSM\passU\src\windows\passU _T_T\Release\PassU.exe
