D:\WORKSPACE\SSM\PASSU\SRC\WINDOWS\PASSU _T_T\SERVERHOOK\RELEASE\SERVERHOOK.OBJ
D:\WORKSPACE\SSM\PASSU\SRC\WINDOWS\PASSU _T_T\SERVERHOOK\RELEASE\VC110.PDB
D:\WORKSPACE\SSM\PASSU\SRC\WINDOWS\PASSU _T_T\RELEASE\SERVERHOOK.DLL
D:\WORKSPACE\SSM\PASSU\SRC\WINDOWS\PASSU _T_T\RELEASE\SERVERHOOK.PDB
D:\Workspace\SSM\passU\src\windows\passU _T_T\Release\ServerHook.lib
D:\Workspace\SSM\passU\src\windows\passU _T_T\Release\ServerHook.exp
D:\Workspace\SSM\passU\src\windows\passU _T_T\ServerHook\Release\ServerHook.obj
D:\Workspace\SSM\passU\src\windows\passU _T_T\ServerHook\Release\cl.command.1.tlog
D:\Workspace\SSM\passU\src\windows\passU _T_T\ServerHook\Release\CL.read.1.tlog
D:\Workspace\SSM\passU\src\windows\passU _T_T\ServerHook\Release\CL.write.1.tlog
D:\Workspace\SSM\passU\src\windows\passU _T_T\ServerHook\Release\link-cvtres.read.1.tlog
D:\Workspace\SSM\passU\src\windows\passU _T_T\ServerHook\Release\link-cvtres.write.1.tlog
D:\Workspace\SSM\passU\src\windows\passU _T_T\ServerHook\Release\link-mt.read.1.tlog
D:\Workspace\SSM\passU\src\windows\passU _T_T\ServerHook\Release\link-mt.write.1.tlog
D:\Workspace\SSM\passU\src\windows\passU _T_T\ServerHook\Release\link-rc.read.1.tlog
D:\Workspace\SSM\passU\src\windows\passU _T_T\ServerHook\Release\link-rc.write.1.tlog
D:\Workspace\SSM\passU\src\windows\passU _T_T\ServerHook\Release\link.command.1.tlog
D:\Workspace\SSM\passU\src\windows\passU _T_T\ServerHook\Release\link.read.1.tlog
D:\Workspace\SSM\passU\src\windows\passU _T_T\ServerHook\Release\link.write.1.tlog
D:\Workspace\SSM\passU\src\windows\passU _T_T\ServerHook\Release\ServerHook.write.1.tlog
D:\Workspace\SSM\passU\src\windows\passU _T_T\ServerHook\Release\vc110.pdb
D:\Workspace\SSM\passU\src\windows\passU _T_T\ServerHook\..\Release\ServerHook.dll
