D:\WORKSPACE\SSM\PASSU\SRC\WINDOWS\PASSU _T_T\SERVERHOOK\DEBUG\SERVERHOOK.OBJ
D:\WORKSPACE\SSM\PASSU\SRC\WINDOWS\PASSU _T_T\SERVERHOOK\DEBUG\VC110.PDB
D:\WORKSPACE\SSM\PASSU\SRC\WINDOWS\PASSU _T_T\SERVERHOOK\DEBUG\SERVERHOOK.ILK
D:\WORKSPACE\SSM\PASSU\SRC\WINDOWS\PASSU _T_T\SERVERHOOK\DEBUG\SERVERHOOK.DLL
D:\WORKSPACE\SSM\PASSU\SRC\WINDOWS\PASSU _T_T\SERVERHOOK\DEBUG\SERVERHOOK.PDB
D:\Workspace\SSM\passU\src\windows\passU _T_T\ServerHook\Debug\ServerHook.lib
D:\Workspace\SSM\passU\src\windows\passU _T_T\ServerHook\Debug\ServerHook.exp
D:\Workspace\SSM\passU\src\windows\passU _T_T\ServerHook\Debug\ServerHook.obj
D:\Workspace\SSM\passU\src\windows\passU _T_T\ServerHook\Debug\ServerHook.ilk
D:\Workspace\SSM\passU\src\windows\passU _T_T\ServerHook\Debug\cl.command.1.tlog
D:\Workspace\SSM\passU\src\windows\passU _T_T\ServerHook\Debug\CL.read.1.tlog
D:\Workspace\SSM\passU\src\windows\passU _T_T\ServerHook\Debug\CL.write.1.tlog
D:\Workspace\SSM\passU\src\windows\passU _T_T\ServerHook\Debug\link-cvtres.read.1.tlog
D:\Workspace\SSM\passU\src\windows\passU _T_T\ServerHook\Debug\link-cvtres.write.1.tlog
D:\Workspace\SSM\passU\src\windows\passU _T_T\ServerHook\Debug\link-rc.read.1.tlog
D:\Workspace\SSM\passU\src\windows\passU _T_T\ServerHook\Debug\link-rc.write.1.tlog
D:\Workspace\SSM\passU\src\windows\passU _T_T\ServerHook\Debug\link.command.1.tlog
D:\Workspace\SSM\passU\src\windows\passU _T_T\ServerHook\Debug\link.read.1.tlog
D:\Workspace\SSM\passU\src\windows\passU _T_T\ServerHook\Debug\link.write.1.tlog
D:\Workspace\SSM\passU\src\windows\passU _T_T\ServerHook\Debug\ServerHook.write.1.tlog
D:\Workspace\SSM\passU\src\windows\passU _T_T\ServerHook\Debug\vc110.idb
D:\Workspace\SSM\passU\src\windows\passU _T_T\ServerHook\Debug\ServerHook.pdb
D:\Workspace\SSM\passU\src\windows\passU _T_T\ServerHook\Debug\vc110.pdb
D:\Workspace\SSM\passU\src\windows\passU _T_T\ServerHook\.\Debug\ServerHook.dll
